2026-01-18T17:52:46.644+05:30  INFO 13388 --- [main] c.e.P.PlagiarismCheckerApplication       : Starting PlagiarismCheckerApplication using Java 21.0.8 with PID 13388 (D:\ProjectWorkSpace\_PlagiarismChecker\PlagiarismChecker\target\classes started by kanam in D:\ProjectWorkSpace\_PlagiarismChecker\PlagiarismChecker)
2026-01-18T17:52:46.664+05:30  INFO 13388 --- [main] c.e.P.PlagiarismCheckerApplication       : No active profile set, falling back to 1 default profile: "default"
2026-01-18T17:52:48.588+05:30  INFO 13388 --- [main] .s.d.r.c.RepositoryConfigurationDelegate : Multiple Spring Data modules found, entering strict repository configuration mode
2026-01-18T17:52:48.593+05:30  INFO 13388 --- [main] .s.d.r.c.RepositoryConfigurationDelegate : Bootstrapping Spring Data JPA repositories in DEFAULT mode.
2026-01-18T17:52:48.815+05:30  INFO 13388 --- [main] .s.d.r.c.RepositoryConfigurationDelegate : Finished Spring Data repository scanning in 211 ms. Found 1 JPA repository interface.
2026-01-18T17:52:48.841+05:30  INFO 13388 --- [main] .s.d.r.c.RepositoryConfigurationDelegate : Multiple Spring Data modules found, entering strict repository configuration mode
2026-01-18T17:52:48.843+05:30  INFO 13388 --- [main] .s.d.r.c.RepositoryConfigurationDelegate : Bootstrapping Spring Data Redis repositories in DEFAULT mode.
2026-01-18T17:52:48.866+05:30  INFO 13388 --- [main] .RepositoryConfigurationExtensionSupport : Spring Data Redis - Could not safely identify store assignment for repository candidate interface com.example.PlagiarismChecker.Repository.CodeFileRepository; If you want this repository to be a Redis repository, consider annotating your entities with one of these annotations: org.springframework.data.redis.core.RedisHash (preferred), or consider extending one of the following types with your repository: org.springframework.data.keyvalue.repository.KeyValueRepository
2026-01-18T17:52:48.866+05:30  INFO 13388 --- [main] .s.d.r.c.RepositoryConfigurationDelegate : Finished Spring Data repository scanning in 8 ms. Found 0 Redis repository interfaces.
2026-01-18T17:52:50.435+05:30  INFO 13388 --- [main] o.s.b.w.embedded.tomcat.TomcatWebServer  : Tomcat initialized with port 8080 (http)
2026-01-18T17:52:50.455+05:30  INFO 13388 --- [main] o.apache.catalina.core.StandardService   : Starting service [Tomcat]
2026-01-18T17:52:50.456+05:30  INFO 13388 --- [main] o.apache.catalina.core.StandardEngine    : Starting Servlet engine: [Apache Tomcat/10.1.33]
2026-01-18T17:52:50.562+05:30  INFO 13388 --- [main] o.a.c.c.C.[Tomcat].[localhost].[/]       : Initializing Spring embedded WebApplicationContext
2026-01-18T17:52:50.563+05:30  INFO 13388 --- [main] w.s.c.ServletWebServerApplicationContext : Root WebApplicationContext: initialization completed in 3815 ms
2026-01-18T17:52:51.592+05:30  INFO 13388 --- [main] com.zaxxer.hikari.HikariDataSource       : HikariPool-1 - Starting...
2026-01-18T17:52:51.899+05:30  INFO 13388 --- [main] com.zaxxer.hikari.pool.HikariPool        : HikariPool-1 - Added connection org.postgresql.jdbc.PgConnection@58ae7fef
2026-01-18T17:52:51.901+05:30  INFO 13388 --- [main] com.zaxxer.hikari.HikariDataSource       : HikariPool-1 - Start completed.
2026-01-18T17:52:51.945+05:30  INFO 13388 --- [main] org.flywaydb.core.FlywayExecutor         : Database: jdbc:postgresql://localhost:5432/plagiarism_db (PostgreSQL 17.5)
2026-01-18T17:52:52.016+05:30  INFO 13388 --- [main] o.f.core.internal.command.DbValidate     : Successfully validated 1 migration (execution time 00:00.031s)
2026-01-18T17:52:52.168+05:30  INFO 13388 --- [main] o.f.core.internal.command.DbMigrate      : Current version of schema "public": 1
2026-01-18T17:52:52.172+05:30  INFO 13388 --- [main] o.f.core.internal.command.DbMigrate      : Schema "public" is up to date. No migration necessary.
2026-01-18T17:52:52.329+05:30  INFO 13388 --- [main] o.hibernate.jpa.internal.util.LogHelper  : HHH000204: Processing PersistenceUnitInfo [name: default]
2026-01-18T17:52:52.450+05:30  INFO 13388 --- [main] org.hibernate.Version                    : HHH000412: Hibernate ORM core version 6.5.3.Final
2026-01-18T17:52:52.511+05:30  INFO 13388 --- [main] o.h.c.internal.RegionFactoryInitiator    : HHH000026: Second-level cache disabled
2026-01-18T17:52:52.973+05:30  INFO 13388 --- [main] o.s.o.j.p.SpringPersistenceUnitInfo      : No LoadTimeWeaver setup: ignoring JPA class transformer
2026-01-18T17:52:53.059+05:30  WARN 13388 --- [main] org.hibernate.orm.deprecation            : HHH90000025: PostgreSQLDialect does not need to be specified explicitly using 'hibernate.dialect' (remove the property setting and it will be selected by default)
2026-01-18T17:52:54.147+05:30  INFO 13388 --- [main] o.h.e.t.j.p.i.JtaPlatformInitiator       : HHH000489: No JTA platform available (set 'hibernate.transaction.jta.platform' to enable JTA platform integration)
2026-01-18T17:52:54.202+05:30  INFO 13388 --- [main] j.LocalContainerEntityManagerFactoryBean : Initialized JPA EntityManagerFactory for persistence unit 'default'
2026-01-18T17:52:54.648+05:30  INFO 13388 --- [main] o.s.d.j.r.query.QueryEnhancerFactory     : Hibernate is in classpath; If applicable, HQL parser will be used.
2026-01-18T17:52:55.470+05:30  INFO 13388 --- [main] c.e.P.Service.CodeFileService            : Starting migration to repopulate trigram vectors for existing files...
2026-01-18T17:52:55.683+05:30  INFO 13388 --- [main] c.e.P.Service.CodeFileService            : Migration completed. Processed 0 files.
2026-01-18T17:52:56.604+05:30  WARN 13388 --- [main] o.s.security.core.userdetails.User       : User.withDefaultPasswordEncoder() is considered unsafe for production and is only intended for sample applications.
2026-01-18T17:52:56.729+05:30  INFO 13388 --- [main] r$InitializeUserDetailsManagerConfigurer : Global AuthenticationManager configured with UserDetailsService bean with name userDetailsService
2026-01-18T17:52:57.483+05:30  INFO 13388 --- [main] o.s.b.a.e.web.EndpointLinksResolver      : Exposing 4 endpoints beneath base path '/actuator'
2026-01-18T17:52:59.598+05:30  INFO 13388 --- [main] o.s.b.w.embedded.tomcat.TomcatWebServer  : Tomcat started on port 8080 (http) with context path '/'
2026-01-18T17:52:59.603+05:30  INFO 13388 --- [main] o.s.a.r.c.CachingConnectionFactory       : Attempting to connect to: 172.22.224.194:5672
2026-01-18T17:52:59.675+05:30  INFO 13388 --- [main] o.s.a.r.c.CachingConnectionFactory       : Created new connection: rabbitConnectionFactory#1f43f31f:0/SimpleConnection@7fc9aaad [delegate=amqp://admin@172.22.224.194:5672/, localPort=58904]
2026-01-18T17:52:59.769+05:30  INFO 13388 --- [main] c.e.P.PlagiarismCheckerApplication       : Started PlagiarismCheckerApplication in 13.9 seconds (process running for 14.963)
